<?xml version="1.0" encoding="UTF-8"?>
<!-- Generated by org.testng.reporters.JUnitReportReporter -->
<testsuite hostname="DESKTOP-SQP9PHG" failures="0" tests="1" name="a1.getreq1" time="2.763" errors="0" timestamp="2023-03-23T22:58:54 GMT-07:00" skipped="0">
  <testcase classname="a1.getreq1" name="t1" time="2.763"/>
  <system-out/>
</testsuite> <!-- a1.getreq1 -->
